[debug] [2025-07-22T18:23:59.561Z] ----------------------------------------------------------------------
[debug] [2025-07-22T18:23:59.564Z] Command:       C:\Program Files\nodejs\node.exe C:\Users\Muhammed Anshad K T\AppData\Roaming\npm\node_modules\firebase-tools\lib\bin\firebase.js init
[debug] [2025-07-22T18:23:59.564Z] CLI Version:   14.11.0
[debug] [2025-07-22T18:23:59.564Z] Platform:      win32
[debug] [2025-07-22T18:23:59.565Z] Node Version:  v22.17.0
[debug] [2025-07-22T18:23:59.565Z] Time:          Tue Jul 22 2025 23:53:59 GMT+0530 (India Standard Time)
[debug] [2025-07-22T18:23:59.565Z] ----------------------------------------------------------------------
[debug] 
[debug] [2025-07-22T18:23:59.750Z] > command requires scopes: ["email","openid","https://www.googleapis.com/auth/cloudplatformprojects.readonly","https://www.googleapis.com/auth/firebase","https://www.googleapis.com/auth/cloud-platform"]
[debug] [2025-07-22T18:23:59.750Z] > authorizing via signed-in user (anshadktvkdcr7@gmail.com)
[info] 
     ######## #### ########  ######## ########     ###     ######  ########
     ##        ##  ##     ## ##       ##     ##  ##   ##  ##       ##
     ######    ##  ########  ######   ########  #########  ######  ######
     ##        ##  ##    ##  ##       ##     ## ##     ##       ## ##
     ##       #### ##     ## ######## ########  ##     ##  ######  ########

You're about to initialize a Firebase project in this directory:

  C:\Users\Muhammed Anshad K T\Desktop\Muslim

Before we get started, keep in mind:

  * You are initializing within an existing Firebase project directory

[info] 
=== Project Setup
[info] 
[info] First, let's associate this project directory with a Firebase project.
[info] You can create multiple project aliases by running firebase use --add, 
[info] but for now we'll just set up a default project.
[info] 
[debug] [2025-07-22T18:24:19.226Z] Using project from CLI flag: muslim007-anshad
[debug] [2025-07-22T18:24:19.227Z] Checked if tokens are valid: true, expires at: 1753210674464
[debug] [2025-07-22T18:24:19.227Z] Checked if tokens are valid: true, expires at: 1753210674464
[debug] [2025-07-22T18:24:19.228Z] >>> [apiv2][query] GET https://firebase.googleapis.com/v1beta1/projects/muslim007-anshad [none]
[debug] [2025-07-22T18:24:20.205Z] <<< [apiv2][status] GET https://firebase.googleapis.com/v1beta1/projects/muslim007-anshad 200
[debug] [2025-07-22T18:24:20.206Z] <<< [apiv2][body] GET https://firebase.googleapis.com/v1beta1/projects/muslim007-anshad {"projectId":"muslim007-anshad","projectNumber":"297374219208","displayName":"muslim007-anshad","name":"projects/muslim007-anshad","resources":{"hostingSite":"muslim007-anshad"},"state":"ACTIVE","etag":"1_17443451-615c-4587-90ca-90ea1be625d9"}
[info] i  Using project muslim007-anshad (muslim007-anshad) 
[info] 
=== Hosting Setup
[debug] [2025-07-22T18:24:20.212Z] Checked if tokens are valid: true, expires at: 1753210674464
[debug] [2025-07-22T18:24:20.212Z] Checked if tokens are valid: true, expires at: 1753210674464
[debug] [2025-07-22T18:24:20.213Z] >>> [apiv2][query] GET https://firebase.googleapis.com/v1beta1/projects/muslim007-anshad [none]
[debug] [2025-07-22T18:24:21.010Z] <<< [apiv2][status] GET https://firebase.googleapis.com/v1beta1/projects/muslim007-anshad 200
[debug] [2025-07-22T18:24:21.010Z] <<< [apiv2][body] GET https://firebase.googleapis.com/v1beta1/projects/muslim007-anshad {"projectId":"muslim007-anshad","projectNumber":"297374219208","displayName":"muslim007-anshad","name":"projects/muslim007-anshad","resources":{"hostingSite":"muslim007-anshad"},"state":"ACTIVE","etag":"1_17443451-615c-4587-90ca-90ea1be625d9"}
[info] 
[info] Your public directory is the folder (relative to your project directory) that
[info] will contain Hosting assets to be uploaded with firebase deploy. If you
[info] have a build process for your assets, use your build's output directory.
[info] 
[debug] [2025-07-22T18:24:46.779Z] >>> [apiv2][query] GET https://www.gstatic.com/firebasejs/releases.json [none]
[debug] [2025-07-22T18:24:47.224Z] <<< [apiv2][status] GET https://www.gstatic.com/firebasejs/releases.json 200
[debug] [2025-07-22T18:24:47.224Z] <<< [apiv2][body] GET https://www.gstatic.com/firebasejs/releases.json {"current":{"version":"12.0.0","browserURL":"https://www.gstatic.com/firebasejs/12.0.0/firebase.js","packageURL":"https://www.gstatic.com/firebasejs/12.0.0/firebase.tgz"},"live":{"version":"12.0","browserURL":"https://www.gstatic.com/firebasejs/live/12.0/firebase.js","packageURL":"https://www.gstatic.com/firebasejs/live/12.0/firebase.tgz"},"components":{"ai":"https://www.gstatic.com/firebasejs/12.0.0/firebase-ai.js","analytics":"https://www.gstatic.com/firebasejs/12.0.0/firebase-analytics.js","app":"https://www.gstatic.com/firebasejs/12.0.0/firebase-app.js","app-check":"https://www.gstatic.com/firebasejs/12.0.0/firebase-app-check.js","auth":"https://www.gstatic.com/firebasejs/12.0.0/firebase-auth.js","auth/cordova":"https://www.gstatic.com/firebasejs/12.0.0/firebase-auth/cordova.js","auth/web-extension":"https://www.gstatic.com/firebasejs/12.0.0/firebase-auth/web-extension.js","functions":"https://www.gstatic.com/firebasejs/12.0.0/firebase-functions.js","firestore":"https://www.gstatic.com/firebasejs/12.0.0/firebase-firestore.js","firestore/lite":"https://www.gstatic.com/firebasejs/12.0.0/firebase-firestore/lite.js","installations":"https://www.gstatic.com/firebasejs/12.0.0/firebase-installations.js","storage":"https://www.gstatic.com/firebasejs/12.0.0/firebase-storage.js","performance":"https://www.gstatic.com/firebasejs/12.0.0/firebase-performance.js","remote-config":"https://www.gstatic.com/firebasejs/12.0.0/firebase-remote-config.js","messaging":"https://www.gstatic.com/firebasejs/12.0.0/firebase-messaging.js","messaging/sw":"https://www.gstatic.com/firebasejs/12.0.0/firebase-messaging/sw.js","database":"https://www.gstatic.com/firebasejs/12.0.0/firebase-database.js","data-connect":"https://www.gstatic.com/firebasejs/12.0.0/firebase-data-connect.js","firestore.memory":"https://www.gstatic.com/firebasejs/12.0.0/firebase-firestore.memory.js"}}
[info] i  public/index.html is unchanged 
[info] 
[info] i  Detected a .git folder at C:\Users\Muhammed Anshad K T 
[info] i  Authorizing with GitHub to upload your service account to a GitHub repository's secrets store. 
[info] 
[info] Visit this URL on this device to log in:
[info] https://github.com/login/oauth/authorize?client_id=89cf50f02ac6aaed3484&state=1037965617&redirect_uri=http%3A%2F%2Flocalhost%3A9005&scope=read%3Auser%20repo%20public_repo
[info] 
[info] Waiting for authentication...
[debug] [2025-07-22T18:24:48.368Z] >>> [apiv2][query] POST https://github.com/login/oauth/access_token [none]
[debug] [2025-07-22T18:24:48.368Z] >>> [apiv2][body] POST https://github.com/login/oauth/access_token [stream]
[debug] [2025-07-22T18:24:49.175Z] <<< [apiv2][status] POST https://github.com/login/oauth/access_token 200
[debug] [2025-07-22T18:24:49.175Z] <<< [apiv2][body] POST https://github.com/login/oauth/access_token {"access_token":"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","token_type":"bearer","scope":"read:user,repo"}
[debug] [2025-07-22T18:24:49.180Z] >>> [apiv2][query] GET https://api.github.com/user [none]
[debug] [2025-07-22T18:24:50.035Z] <<< [apiv2][status] GET https://api.github.com/user 200
[debug] [2025-07-22T18:24:50.035Z] <<< [apiv2][body] GET https://api.github.com/user {"login":"Anshaad007","id":218989291,"node_id":"U_kgDODQ2C6w","avatar_url":"https://avatars.githubusercontent.com/u/218989291?v=4","gravatar_id":"","url":"https://api.github.com/users/Anshaad007","html_url":"https://github.com/Anshaad007","followers_url":"https://api.github.com/users/Anshaad007/followers","following_url":"https://api.github.com/users/Anshaad007/following{/other_user}","gists_url":"https://api.github.com/users/Anshaad007/gists{/gist_id}","starred_url":"https://api.github.com/users/Anshaad007/starred{/owner}{/repo}","subscriptions_url":"https://api.github.com/users/Anshaad007/subscriptions","organizations_url":"https://api.github.com/users/Anshaad007/orgs","repos_url":"https://api.github.com/users/Anshaad007/repos","events_url":"https://api.github.com/users/Anshaad007/events{/privacy}","received_events_url":"https://api.github.com/users/Anshaad007/received_events","type":"User","user_view_type":"private","site_admin":false,"name":null,"company":null,"blog":"","location":null,"email":null,"hireable":null,"bio":null,"twitter_username":null,"notification_email":null,"public_repos":5,"public_gists":0,"followers":0,"following":0,"created_at":"2025-07-02T14:08:51Z","updated_at":"2025-07-06T17:37:47Z","private_gists":0,"total_private_repos":0,"owned_private_repos":0,"disk_usage":319,"collaborators":0,"two_factor_authentication":false,"plan":{"name":"free","space":976562499,"collaborators":0,"private_repos":10000}}
[info] 
[info] +  Success! Logged into GitHub as Anshaad007 
[info] 
[debug] [2025-07-22T18:25:43.210Z] >>> [apiv2][query] GET https://api.github.com/repos/Anshaad007/muslim007-anshad/actions/secrets/public-key type=owner
[debug] [2025-07-22T18:25:44.366Z] <<< [apiv2][status] GET https://api.github.com/repos/Anshaad007/muslim007-anshad/actions/secrets/public-key 404
[debug] [2025-07-22T18:25:44.366Z] <<< [apiv2][body] GET https://api.github.com/repos/Anshaad007/muslim007-anshad/actions/secrets/public-key {"message":"Not Found","documentation_url":"https://docs.github.com/rest/actions/secrets#get-a-repository-public-key","status":"404"}
[info] 
[info] 
[error] !  The provided authorization cannot be used with this repository. If this repository is in an organization, did you remember to grant access? 
[info] 
[info] i  Action required: Visit this URL to ensure access has been granted to the appropriate organization(s) for the Firebase CLI GitHub OAuth App: 
[info] https://github.com/settings/connections/applications/89cf50f02ac6aaed3484
[info] 
[debug] [2025-07-22T18:25:52.755Z] >>> [apiv2][query] GET https://api.github.com/repos/Anshaad007/muslim007-anshad/actions/secrets/public-key type=owner
[debug] [2025-07-22T18:25:53.481Z] <<< [apiv2][status] GET https://api.github.com/repos/Anshaad007/muslim007-anshad/actions/secrets/public-key 404
[debug] [2025-07-22T18:25:53.481Z] <<< [apiv2][body] GET https://api.github.com/repos/Anshaad007/muslim007-anshad/actions/secrets/public-key {"message":"Not Found","documentation_url":"https://docs.github.com/rest/actions/secrets#get-a-repository-public-key","status":"404"}
[info] 
[info] 
[error] !  The provided authorization cannot be used with this repository. If this repository is in an organization, did you remember to grant access? 
[info] 
[info] i  Action required: Visit this URL to ensure access has been granted to the appropriate organization(s) for the Firebase CLI GitHub OAuth App: 
[info] https://github.com/settings/connections/applications/89cf50f02ac6aaed3484
[info] 
